# JRE version: Java(TM) SE Runtime Environment (21.0.5+9) (build 21.0.5+9-LTS-239)
# Java VM: Java HotSpot(TM) 64-Bit Server VM (21.0.5+9-LTS-239, mixed mode, sharing, tiered, compressed oops, compressed class ptrs, g1 gc, windows-amd64)
GC Precious Log:
 CardTable entry size: 512
 Card Set container configuration: InlinePtr #cards 5 size 8 Array Of Cards #cards 12 size 40 Howl #buckets 4 coarsen threshold 1843 Howl Bitmap #cards 512 size 80 coarsen threshold 460 Card regions per heap region 1 cards per card region 2048
 CPUs: 4 total, 4 available
 Memory: 3857M
 Large Page Support: Disabled
 NUMA Support: Disabled
 Compressed Oops: Enabled (32-bit)
 Heap Region Size: 1M
 Heap Min Capacity: 8M
 Heap Initial Capacity: 62M
 Heap Max Capacity: 966M
 Pre-touch: Disabled
 Parallel Workers: 4
 Concurrent Workers: 1
 Concurrent Refinement Workers: 4
 Periodic GC: Disabled
Heap:
 garbage-first heap   total 63488K, used 24814K [0x00000000c3a00000, 0x0000000100000000)
  region size 1024K, 21 young (21504K), 5 survivors (5120K)
 Metaspace       used 15642K, committed 15872K, reserved 1114112K
  class space    used 1811K, committed 1920K, reserved 1048576K
GC Heap History (8 events):
Event: 2.094 GC heap before
{Heap before GC invocations=0 (full 0):
 garbage-first heap   total 63488K, used 13312K [0x00000000c3a00000, 0x0000000100000000)
  region size 1024K, 13 young (13312K), 0 survivors (0K)
 Metaspace       used 3788K, committed 3904K, reserved 1114112K
  class space    used 385K, committed 448K, reserved 1048576K
}
Event: 2.153 GC heap after
{Heap after GC invocations=1 (full 0):
 garbage-first heap   total 63488K, used 3392K [0x00000000c3a00000, 0x0000000100000000)
  region size 1024K, 2 young (2048K), 2 survivors (2048K)
 Metaspace       used 3788K, committed 3904K, reserved 1114112K
  class space    used 385K, committed 448K, reserved 1048576K
}
Event: 4.103 GC heap before
{Heap before GC invocations=1 (full 0):
 garbage-first heap   total 63488K, used 15680K [0x00000000c3a00000, 0x0000000100000000)
  region size 1024K, 14 young (14336K), 2 survivors (2048K)
 Metaspace       used 5795K, committed 5952K, reserved 1114112K
  class space    used 672K, committed 768K, reserved 1048576K
}
Event: 4.109 GC heap after
{Heap after GC invocations=2 (full 0):
 garbage-first heap   total 63488K, used 4491K [0x00000000c3a00000, 0x0000000100000000)
  region size 1024K, 1 young (1024K), 1 survivors (1024K)
 Metaspace       used 5795K, committed 5952K, reserved 1114112K
  class space    used 672K, committed 768K, reserved 1048576K
}
Event: 7.354 GC heap before
{Heap before GC invocations=2 (full 0):
 garbage-first heap   total 63488K, used 29067K [0x00000000c3a00000, 0x0000000100000000)
  region size 1024K, 26 young (26624K), 1 survivors (1024K)
 Metaspace       used 9591K, committed 9792K, reserved 1114112K
  class space    used 1121K, committed 1216K, reserved 1048576K
}
Event: 7.359 GC heap after
{Heap after GC invocations=3 (full 0):
 garbage-first heap   total 63488K, used 5515K [0x00000000c3a00000, 0x0000000100000000)
  region size 1024K, 2 young (2048K), 2 survivors (2048K)
 Metaspace       used 9591K, committed 9792K, reserved 1114112K
  class space    used 1121K, committed 1216K, reserved 1048576K
}
Event: 16.709 GC heap before
{Heap before GC invocations=3 (full 0):
 garbage-first heap   total 63488K, used 40331K [0x00000000c3a00000, 0x0000000100000000)
  region size 1024K, 37 young (37888K), 2 survivors (2048K)
 Metaspace       used 15194K, committed 15360K, reserved 1114112K
  class space    used 1775K, committed 1856K, reserved 1048576K
}
Event: 16.876 GC heap after
{Heap after GC invocations=4 (full 0):
 garbage-first heap   total 63488K, used 9454K [0x00000000c3a00000, 0x0000000100000000)
  region size 1024K, 5 young (5120K), 5 survivors (5120K)
 Metaspace       used 15194K, committed 15360K, reserved 1114112K
  class space    used 1775K, committed 1856K, reserved 1048576K
}

